<?xml version="1.0" encoding="UTF-8"?>
<testng-results ignored="0" total="1" passed="1" failed="0" skipped="0">
  <reporter-output>
  </reporter-output>
  <suite started-at="2024-07-17T22:33:43 IST" name="Default suite" finished-at="2024-07-17T22:33:47 IST" duration-ms="4342">
    <groups>
    </groups>
    <test started-at="2024-07-17T22:33:43 IST" name="Default test" finished-at="2024-07-17T22:33:47 IST" duration-ms="4342">
      <class name="flipkart.HomePageTest">
        <test-method is-config="true" signature="setUP()[pri:0, instance:flipkart.HomePageTest@54e1c68b]" started-at="2024-07-17T22:33:43 IST" name="setUP" finished-at="2024-07-17T22:33:47 IST" duration-ms="3999" status="PASS">
          <reporter-output>
          </reporter-output>
        </test-method> <!-- setUP -->
        <test-method signature="verifySearchResultOnSearchingMobile()[pri:0, instance:flipkart.HomePageTest@54e1c68b]" started-at="2024-07-17T22:33:47 IST" name="verifySearchResultOnSearchingMobile" finished-at="2024-07-17T22:33:47 IST" duration-ms="51" status="PASS">
          <reporter-output>
          </reporter-output>
        </test-method> <!-- verifySearchResultOnSearchingMobile -->
        <test-method is-config="true" signature="tearDown()[pri:0, instance:flipkart.HomePageTest@54e1c68b]" started-at="2024-07-17T22:33:47 IST" name="tearDown" finished-at="2024-07-17T22:33:47 IST" duration-ms="254" status="PASS">
          <reporter-output>
          </reporter-output>
        </test-method> <!-- tearDown -->
      </class> <!-- flipkart.HomePageTest -->
    </test> <!-- Default test -->
  </suite> <!-- Default suite -->
</testng-results>
